(base) tarter@lazarus:~/oway/repos/roadrunner-k8s-orchestration (main)$ helm install redis -n roadrunner --set replica.replicaCount=1 bitnami/redis
NAME: redis
LAST DEPLOYED: Fri Jan 17 16:38:44 2025
NAMESPACE: roadrunner
STATUS: deployed
REVISION: 1
TEST SUITE: None
NOTES:
CHART NAME: redis
CHART VERSION: 19.4.0
APP VERSION: 7.2.5

** Please be patient while the chart is being deployed **

Redis&reg; can be accessed on the following DNS names from within your cluster:

    redis-master.roadrunner.svc.cluster.local for read/write operations (port 6379)
    redis-replicas.roadrunner.svc.cluster.local for read-only operations (port 6379)



To get your password run:

    export REDIS_PASSWORD=$(kubectl get secret --namespace roadrunner redis -o jsonpath="{.data.redis-password}" | base64 -d)

To connect to your Redis&reg; server:

1. Run a Redis&reg; pod that you can use as a client:

   kubectl run --namespace roadrunner redis-client --restart='Never'  --env REDIS_PASSWORD=$REDIS_PASSWORD  --image docker.io/bitnami/redis:7.2.5-debian-12-r0 --command -- sleep infinity

   Use the following command to attach to the pod:

   kubectl exec --tty -i redis-client \
   --namespace roadrunner -- bash

2. Connect using the Redis&reg; CLI:
   REDISCLI_AUTH="$REDIS_PASSWORD" redis-cli -h redis-master
   REDISCLI_AUTH="$REDIS_PASSWORD" redis-cli -h redis-replicas

To connect to your database from outside the cluster execute the following commands:

    kubectl port-forward --namespace roadrunner svc/redis-master 6379:6379 &
    REDISCLI_AUTH="$REDIS_PASSWORD" redis-cli -h 127.0.0.1 -p 6379

WARNING: There are "resources" sections in the chart not set. Using "resourcesPreset" is not recommended for production. For production installations, please set the following values according to your workload needs:
  - replica.resources
  - master.resources
+info https://kubernetes.io/docs/concepts/configuration/manage-resources-containers/

